<?xml version="1.0" encoding="UTF-8" standalone="yes"?>
<testsuites name="Verify Login with incorrect email and password inputs" time="10" tests="0" failures="1" errors="0">
    <testsuite name="Verify Login with incorrect email and password inputs" tests="0" failures="1" errors="0" time="10" timestamp="2019-10-16 14:55:02" hostname="Copia George - DESKTOP-UJOHP7E" id="Test Suites/Login Test Suite/Verify Login with incorrect email and password inputs">
        <properties>
            <property name="deviceName" value=""/>
            <property name="devicePlatform" value=""/>
            <property name="logFolder" value="C:\\Users\\Copia George\\Katalon Studio\\Copia ERP Login Test Cases\\Reports\\20191016_145500\\Login Test Suite\\Verify Login with incorrect email and password inputs\\20191016_145500"/>
            <property name="logFiles" value="C:\\Users\\Copia George\\Katalon Studio\\Copia ERP Login Test Cases\\Reports\\20191016_145500\\Login Test Suite\\Verify Login with incorrect email and password inputs\\20191016_145500\\execution0.log"/>
            <property name="attachments" value=""/>
            <property name="hostName" value="Copia George - DESKTOP-UJOHP7E"/>
            <property name="os" value="Windows 10 64bit"/>
            <property name="katalonVersion" value="6.3.3.11"/>
            <property name="browser" value="Firefox 69.0"/>
            <property name="hostAddress" value="192.168.5.178"/>
            <property name="sessionId" value="458ad91a-af90-4096-980b-0a20ecd727fd"/>
            <property name="seleniumVersion" value="3.141.59"/>
            <property name="proxyInformation" value="ProxyInformation{proxyOption=NO_PROXY, proxyServerType=HTTP, password=, proxyServerAddress=, proxyServerPort=0}"/>
            <property name="platform" value="Windows 10"/>
        </properties>
        <testcase name="Test Cases/Login Test Cases/Verify user can Login with incorrect email and password inputs" classname="Test Cases/Login Test Cases/Verify user can Login with incorrect email and password inputs" status="FAILED">
            <failure type="FAILED" message="Test Cases/Login Test Cases/Verify user can Login with incorrect email and password inputs FAILED.&#xA;Reason:&#xA;com.kms.katalon.core.exception.StepFailedException: Actual text 'title' and expected text 'Wrong login/password' are not matched&#xD;&#xA;&#x9;at com.kms.katalon.core.keyword.builtin.VerifyMatchKeyword$_verifyMatch_closure1.doCall(VerifyMatchKeyword.groovy:57)&#xD;&#xA;&#x9;at com.kms.katalon.core.keyword.builtin.VerifyMatchKeyword$_verifyMatch_closure1.call(VerifyMatchKeyword.groovy)&#xD;&#xA;&#x9;at com.kms.katalon.core.keyword.internal.KeywordMain.runKeyword(KeywordMain.groovy:68)&#xD;&#xA;&#x9;at com.kms.katalon.core.keyword.builtin.VerifyMatchKeyword.verifyMatch(VerifyMatchKeyword.groovy:60)&#xD;&#xA;&#x9;at com.kms.katalon.core.keyword.builtin.VerifyMatchKeyword.execute(VerifyMatchKeyword.groovy:45)&#xD;&#xA;&#x9;at com.kms.katalon.core.keyword.internal.KeywordExecutor.executeKeywordForPlatform(KeywordExecutor.groovy:56)&#xD;&#xA;&#x9;at com.kms.katalon.core.keyword.BuiltinKeywords.verifyMatch(BuiltinKeywords.groovy:73)&#xD;&#xA;&#x9;at Verify user can Login with incorrect email and password inputs.run(Verify user can Login with incorrect email and password inputs:30)&#xD;&#xA;&#x9;at com.kms.katalon.core.main.ScriptEngine.run(ScriptEngine.java:194)&#xD;&#xA;&#x9;at com.kms.katalon.core.main.ScriptEngine.runScriptAsRawText(ScriptEngine.java:119)&#xD;&#xA;&#x9;at com.kms.katalon.core.main.TestCaseExecutor.runScript(TestCaseExecutor.java:337)&#xD;&#xA;&#x9;at com.kms.katalon.core.main.TestCaseExecutor.doExecute(TestCaseExecutor.java:328)&#xD;&#xA;&#x9;at com.kms.katalon.core.main.TestCaseExecutor.processExecutionPhase(TestCaseExecutor.java:307)&#xD;&#xA;&#x9;at com.kms.katalon.core.main.TestCaseExecutor.accessMainPhase(TestCaseExecutor.java:299)&#xD;&#xA;&#x9;at com.kms.katalon.core.main.TestCaseExecutor.execute(TestCaseExecutor.java:233)&#xD;&#xA;&#x9;at com.kms.katalon.core.main.TestSuiteExecutor.accessTestCaseMainPhase(TestSuiteExecutor.java:169)&#xD;&#xA;&#x9;at com.kms.katalon.core.main.TestSuiteExecutor.accessTestSuiteMainPhase(TestSuiteExecutor.java:142)&#xD;&#xA;&#x9;at com.kms.katalon.core.main.TestSuiteExecutor.execute(TestSuiteExecutor.java:91)&#xD;&#xA;&#x9;at com.kms.katalon.core.main.TestCaseMain.startTestSuite(TestCaseMain.java:157)&#xD;&#xA;&#x9;at com.kms.katalon.core.main.TestCaseMain$startTestSuite$0.call(Unknown Source)&#xD;&#xA;&#x9;at TempTestSuite1571226900491.run(TempTestSuite1571226900491.groovy:35)&#xD;&#xA;"/>
            <system-out>2019-10-16 14:55:03 - [TEST_CASE][FAILED] - Test Cases/Login Test Cases/Verify user can Login with incorrect email and password inputs: Test Cases/Login Test Cases/Verify user can Login with incorrect email and password inputs FAILED.
Reason:
com.kms.katalon.core.exception.StepFailedException: Actual text 'title' and expected text 'Wrong login/password' are not matched&#xD;
	at com.kms.katalon.core.keyword.builtin.VerifyMatchKeyword$_verifyMatch_closure1.doCall(VerifyMatchKeyword.groovy:57)&#xD;
	at com.kms.katalon.core.keyword.builtin.VerifyMatchKeyword$_verifyMatch_closure1.call(VerifyMatchKeyword.groovy)&#xD;
	at com.kms.katalon.core.keyword.internal.KeywordMain.runKeyword(KeywordMain.groovy:68)&#xD;
	at com.kms.katalon.core.keyword.builtin.VerifyMatchKeyword.verifyMatch(VerifyMatchKeyword.groovy:60)&#xD;
	at com.kms.katalon.core.keyword.builtin.VerifyMatchKeyword.execute(VerifyMatchKeyword.groovy:45)&#xD;
	at com.kms.katalon.core.keyword.internal.KeywordExecutor.executeKeywordForPlatform(KeywordExecutor.groovy:56)&#xD;
	at com.kms.katalon.core.keyword.BuiltinKeywords.verifyMatch(BuiltinKeywords.groovy:73)&#xD;
	at Verify user can Login with incorrect email and password inputs.run(Verify user can Login with incorrect email and password inputs:30)&#xD;
	at com.kms.katalon.core.main.ScriptEngine.run(ScriptEngine.java:194)&#xD;
	at com.kms.katalon.core.main.ScriptEngine.runScriptAsRawText(ScriptEngine.java:119)&#xD;
	at com.kms.katalon.core.main.TestCaseExecutor.runScript(TestCaseExecutor.java:337)&#xD;
	at com.kms.katalon.core.main.TestCaseExecutor.doExecute(TestCaseExecutor.java:328)&#xD;
	at com.kms.katalon.core.main.TestCaseExecutor.processExecutionPhase(TestCaseExecutor.java:307)&#xD;
	at com.kms.katalon.core.main.TestCaseExecutor.accessMainPhase(TestCaseExecutor.java:299)&#xD;
	at com.kms.katalon.core.main.TestCaseExecutor.execute(TestCaseExecutor.java:233)&#xD;
	at com.kms.katalon.core.main.TestSuiteExecutor.accessTestCaseMainPhase(TestSuiteExecutor.java:169)&#xD;
	at com.kms.katalon.core.main.TestSuiteExecutor.accessTestSuiteMainPhase(TestSuiteExecutor.java:142)&#xD;
	at com.kms.katalon.core.main.TestSuiteExecutor.execute(TestSuiteExecutor.java:91)&#xD;
	at com.kms.katalon.core.main.TestCaseMain.startTestSuite(TestCaseMain.java:157)&#xD;
	at com.kms.katalon.core.main.TestCaseMain$startTestSuite$0.call(Unknown Source)&#xD;
	at TempTestSuite1571226900491.run(TempTestSuite1571226900491.groovy:35)&#xD;
&#xD;
&#xD;
2019-10-16 14:55:03 - [TEST_STEP][PASSED] - openBrowser(loginurl): Browser is opened with url: 'http://qa.copiakenya.com/web/login'&#xD;
&#xD;
2019-10-16 14:55:04 - [MESSAGE][INFO] - Starting 'Firefox' driver&#xD;
&#xD;
2019-10-16 14:55:04 - [MESSAGE][INFO] - Action delay is set to 0 seconds&#xD;
&#xD;
2019-10-16 14:55:10 - [MESSAGE][PASSED] - Browser is opened with url: 'http://qa.copiakenya.com/web/login'&#xD;
&#xD;
2019-10-16 14:55:10 - [TEST_STEP][PASSED] - delay(2): Delayed 2 second(s)&#xD;
&#xD;
2019-10-16 14:55:12 - [MESSAGE][PASSED] - Delayed 2 second(s)&#xD;
&#xD;
2019-10-16 14:55:12 - [TEST_STEP][PASSED] - maximizeWindow(): Current window maximized&#xD;
&#xD;
2019-10-16 14:55:12 - [MESSAGE][PASSED] - Current window maximized&#xD;
&#xD;
2019-10-16 14:55:12 - [TEST_STEP][PASSED] - setText(findTestObject("Login Objects/Email Input Field"), email): Text 'kings' is set on object 'Object Repository/Login Objects/Email Input Field'&#xD;
&#xD;
2019-10-16 14:55:12 - [MESSAGE][PASSED] - Text 'kings' is set on object 'Object Repository/Login Objects/Email Input Field'&#xD;
&#xD;
2019-10-16 14:55:12 - [TEST_STEP][PASSED] - setText(findTestObject("Login Objects/Password Input Field"), password): Text '123456' is set on object 'Object Repository/Login Objects/Password Input Field'&#xD;
&#xD;
2019-10-16 14:55:12 - [MESSAGE][PASSED] - Text '123456' is set on object 'Object Repository/Login Objects/Password Input Field'&#xD;
&#xD;
2019-10-16 14:55:12 - [TEST_STEP][PASSED] - click(findTestObject("Login Objects/Button Login")): Object: 'Object Repository/Login Objects/Button Login' is clicked on&#xD;
&#xD;
2019-10-16 14:55:13 - [MESSAGE][PASSED] - Object: 'Object Repository/Login Objects/Button Login' is clicked on&#xD;
&#xD;
2019-10-16 14:55:13 - [TEST_STEP][PASSED] - title = verifyElementText(findTestObject("Login Objects/Alert error message for wrong credentials"), "Wrong login/password"): Actual text and expected text of test object 'Object Repository/Login Objects/Alert error message for wrong credentials' are matched.&#xD;
&#xD;
2019-10-16 14:55:13 - [MESSAGE][PASSED] - Actual text and expected text of test object 'Object Repository/Login Objects/Alert error message for wrong credentials' are matched.&#xD;
&#xD;
2019-10-16 14:55:13 - [TEST_STEP][FAILED] - verifyMatch("title", "Wrong login/password", false): Unable to verify match between actual text 'title' and expected text 'Wrong login/password' (Root cause: com.kms.katalon.core.exception.StepFailedException: Actual text 'title' and expected text 'Wrong login/password' are not matched&#xD;
	at com.kms.katalon.core.keyword.builtin.VerifyMatchKeyword$_verifyMatch_closure1.doCall(VerifyMatchKeyword.groovy:57)&#xD;
	at com.kms.katalon.core.keyword.builtin.VerifyMatchKeyword$_verifyMatch_closure1.call(VerifyMatchKeyword.groovy)&#xD;
	at com.kms.katalon.core.keyword.internal.KeywordMain.runKeyword(KeywordMain.groovy:68)&#xD;
	at com.kms.katalon.core.keyword.builtin.VerifyMatchKeyword.verifyMatch(VerifyMatchKeyword.groovy:60)&#xD;
	at com.kms.katalon.core.keyword.builtin.VerifyMatchKeyword.execute(VerifyMatchKeyword.groovy:45)&#xD;
	at com.kms.katalon.core.keyword.internal.KeywordExecutor.executeKeywordForPlatform(KeywordExecutor.groovy:56)&#xD;
	at com.kms.katalon.core.keyword.BuiltinKeywords.verifyMatch(BuiltinKeywords.groovy:73)&#xD;
	at Verify user can Login with incorrect email and password inputs.run(Verify user can Login with incorrect email and password inputs:30)&#xD;
	at com.kms.katalon.core.main.ScriptEngine.run(ScriptEngine.java:194)&#xD;
	at com.kms.katalon.core.main.ScriptEngine.runScriptAsRawText(ScriptEngine.java:119)&#xD;
	at com.kms.katalon.core.main.TestCaseExecutor.runScript(TestCaseExecutor.java:337)&#xD;
	at com.kms.katalon.core.main.TestCaseExecutor.doExecute(TestCaseExecutor.java:328)&#xD;
	at com.kms.katalon.core.main.TestCaseExecutor.processExecutionPhase(TestCaseExecutor.java:307)&#xD;
	at com.kms.katalon.core.main.TestCaseExecutor.accessMainPhase(TestCaseExecutor.java:299)&#xD;
	at com.kms.katalon.core.main.TestCaseExecutor.execute(TestCaseExecutor.java:233)&#xD;
	at com.kms.katalon.core.main.TestSuiteExecutor.accessTestCaseMainPhase(TestSuiteExecutor.java:169)&#xD;
	at com.kms.katalon.core.main.TestSuiteExecutor.accessTestSuiteMainPhase(TestSuiteExecutor.java:142)&#xD;
	at com.kms.katalon.core.main.TestSuiteExecutor.execute(TestSuiteExecutor.java:91)&#xD;
	at com.kms.katalon.core.main.TestCaseMain.startTestSuite(TestCaseMain.java:157)&#xD;
	at com.kms.katalon.core.main.TestCaseMain$startTestSuite$0.call(Unknown Source)&#xD;
	at TempTestSuite1571226900491.run(TempTestSuite1571226900491.groovy:35)&#xD;
)&#xD;
&#xD;
2019-10-16 14:55:13 - [MESSAGE][FAILED] - Unable to verify match between actual text 'title' and expected text 'Wrong login/password' (Root cause: com.kms.katalon.core.exception.StepFailedException: Actual text 'title' and expected text 'Wrong login/password' are not matched&#xD;
	at com.kms.katalon.core.keyword.builtin.VerifyMatchKeyword$_verifyMatch_closure1.doCall(VerifyMatchKeyword.groovy:57)&#xD;
	at com.kms.katalon.core.keyword.builtin.VerifyMatchKeyword$_verifyMatch_closure1.call(VerifyMatchKeyword.groovy)&#xD;
	at com.kms.katalon.core.keyword.internal.KeywordMain.runKeyword(KeywordMain.groovy:68)&#xD;
	at com.kms.katalon.core.keyword.builtin.VerifyMatchKeyword.verifyMatch(VerifyMatchKeyword.groovy:60)&#xD;
	at com.kms.katalon.core.keyword.builtin.VerifyMatchKeyword.execute(VerifyMatchKeyword.groovy:45)&#xD;
	at com.kms.katalon.core.keyword.internal.KeywordExecutor.executeKeywordForPlatform(KeywordExecutor.groovy:56)&#xD;
	at com.kms.katalon.core.keyword.BuiltinKeywords.verifyMatch(BuiltinKeywords.groovy:73)&#xD;
	at Verify user can Login with incorrect email and password inputs.run(Verify user can Login with incorrect email and password inputs:30)&#xD;
	at com.kms.katalon.core.main.ScriptEngine.run(ScriptEngine.java:194)&#xD;
	at com.kms.katalon.core.main.ScriptEngine.runScriptAsRawText(ScriptEngine.java:119)&#xD;
	at com.kms.katalon.core.main.TestCaseExecutor.runScript(TestCaseExecutor.java:337)&#xD;
	at com.kms.katalon.core.main.TestCaseExecutor.doExecute(TestCaseExecutor.java:328)&#xD;
	at com.kms.katalon.core.main.TestCaseExecutor.processExecutionPhase(TestCaseExecutor.java:307)&#xD;
	at com.kms.katalon.core.main.TestCaseExecutor.accessMainPhase(TestCaseExecutor.java:299)&#xD;
	at com.kms.katalon.core.main.TestCaseExecutor.execute(TestCaseExecutor.java:233)&#xD;
	at com.kms.katalon.core.main.TestSuiteExecutor.accessTestCaseMainPhase(TestSuiteExecutor.java:169)&#xD;
	at com.kms.katalon.core.main.TestSuiteExecutor.accessTestSuiteMainPhase(TestSuiteExecutor.java:142)&#xD;
	at com.kms.katalon.core.main.TestSuiteExecutor.execute(TestSuiteExecutor.java:91)&#xD;
	at com.kms.katalon.core.main.TestCaseMain.startTestSuite(TestCaseMain.java:157)&#xD;
	at com.kms.katalon.core.main.TestCaseMain$startTestSuite$0.call(Unknown Source)&#xD;
	at TempTestSuite1571226900491.run(TempTestSuite1571226900491.groovy:35)&#xD;
)</system-out>
            <system-err>2019-10-16 14:55:03 - [TEST_CASE][FAILED] - Test Cases/Login Test Cases/Verify user can Login with incorrect email and password inputs: Test Cases/Login Test Cases/Verify user can Login with incorrect email and password inputs FAILED.
Reason:
com.kms.katalon.core.exception.StepFailedException: Actual text 'title' and expected text 'Wrong login/password' are not matched&#xD;
	at com.kms.katalon.core.keyword.builtin.VerifyMatchKeyword$_verifyMatch_closure1.doCall(VerifyMatchKeyword.groovy:57)&#xD;
	at com.kms.katalon.core.keyword.builtin.VerifyMatchKeyword$_verifyMatch_closure1.call(VerifyMatchKeyword.groovy)&#xD;
	at com.kms.katalon.core.keyword.internal.KeywordMain.runKeyword(KeywordMain.groovy:68)&#xD;
	at com.kms.katalon.core.keyword.builtin.VerifyMatchKeyword.verifyMatch(VerifyMatchKeyword.groovy:60)&#xD;
	at com.kms.katalon.core.keyword.builtin.VerifyMatchKeyword.execute(VerifyMatchKeyword.groovy:45)&#xD;
	at com.kms.katalon.core.keyword.internal.KeywordExecutor.executeKeywordForPlatform(KeywordExecutor.groovy:56)&#xD;
	at com.kms.katalon.core.keyword.BuiltinKeywords.verifyMatch(BuiltinKeywords.groovy:73)&#xD;
	at Verify user can Login with incorrect email and password inputs.run(Verify user can Login with incorrect email and password inputs:30)&#xD;
	at com.kms.katalon.core.main.ScriptEngine.run(ScriptEngine.java:194)&#xD;
	at com.kms.katalon.core.main.ScriptEngine.runScriptAsRawText(ScriptEngine.java:119)&#xD;
	at com.kms.katalon.core.main.TestCaseExecutor.runScript(TestCaseExecutor.java:337)&#xD;
	at com.kms.katalon.core.main.TestCaseExecutor.doExecute(TestCaseExecutor.java:328)&#xD;
	at com.kms.katalon.core.main.TestCaseExecutor.processExecutionPhase(TestCaseExecutor.java:307)&#xD;
	at com.kms.katalon.core.main.TestCaseExecutor.accessMainPhase(TestCaseExecutor.java:299)&#xD;
	at com.kms.katalon.core.main.TestCaseExecutor.execute(TestCaseExecutor.java:233)&#xD;
	at com.kms.katalon.core.main.TestSuiteExecutor.accessTestCaseMainPhase(TestSuiteExecutor.java:169)&#xD;
	at com.kms.katalon.core.main.TestSuiteExecutor.accessTestSuiteMainPhase(TestSuiteExecutor.java:142)&#xD;
	at com.kms.katalon.core.main.TestSuiteExecutor.execute(TestSuiteExecutor.java:91)&#xD;
	at com.kms.katalon.core.main.TestCaseMain.startTestSuite(TestCaseMain.java:157)&#xD;
	at com.kms.katalon.core.main.TestCaseMain$startTestSuite$0.call(Unknown Source)&#xD;
	at TempTestSuite1571226900491.run(TempTestSuite1571226900491.groovy:35)</system-err>
        </testcase>
        <system-out>2019-10-16 14:55:02 - [TEST_SUITE][INCOMPLETE] - Verify Login with incorrect email and password inputs: null</system-out>
        <system-err>2019-10-16 14:55:02 - [TEST_SUITE][INCOMPLETE] - Verify Login with incorrect email and password inputs: null</system-err>
    </testsuite>
</testsuites>
